[12:29:12] [main/INFO] (FabricLoader) Loading for game Minecraft 1.16.5
[12:29:12] [main/INFO] (Fabric|Loader) [FabricLoader] Loading 46 mods: fabric-networking-blockentity-v0@0.2.7+a03e98793a, fabric-renderer-api-v1@0.4.0+cbe9176f3a, minecraft@1.16.5, fabric-screen-handler-api-v1@1.1.0+6a2618f53a, fabric-keybindings-v0@0.2.0+6a2618f53a, fabric-command-api-v1@1.0.9+6a2618f53a, fabricloader@0.11.1, fabric-tool-attribute-api-v1@1.2.5+6a2618f53a, fabric-structure-api-v1@1.1.3+cbe9176f3a, fabric-renderer-indigo@0.4.3+6a2618f53a, fabric-containers-v0@0.1.9+a03e98793a, fabric-dimensions-v1@2.0.1+9a6c75813a, fabric-object-builder-api-v1@1.9.2+6a2618f53a, java@11, fabric-item-api-v1@1.2.0+6a2618f53a, fabric-crash-report-info-v1@0.1.2+b7f9825d3a, fabric-events-interaction-v0@0.4.1+6a2618f53a, enderthyst@0.0.1, fabric-game-rule-api-v1@1.0.5+cbe9176f3a, fabric-entity-events-v1@1.0.2+8004b36d3a, fabric-api-base@0.2.0+ab87788d3a, fabric-rendering-v0@1.1.1+6a2618f53a, fabric-rendering-v1@1.5.0+c26373133a, fabric-key-binding-api-v1@1.0.1+730711c63a, fabric-rendering-data-attachment-v1@0.1.4+6a2618f53a, fabric-resource-loader-v0@0.4.1+0d4d7e343a, fabric-textures-v0@1.0.5+6a2618f53a, fabric-content-registries-v0@0.2.0+e77439c73a, fabric-tag-extensions-v0@1.1.0+e77439c73a, fabric-biome-api-v1@3.1.0+2e23b97c3a, fabric-rendering-fluids-v1@0.1.12+6a2618f53a, fabric-registry-sync-v0@0.7.3+be155ae23a, fabric-commands-v0@0.2.1+cbe9176f3a, fabric-blockrenderlayer-v1@1.1.4+6a2618f53a, fabric-lifecycle-events-v1@1.2.0+ffb68a873a, fabric-mining-levels-v0@0.1.2+6a2618f53a, fabric-renderer-registries-v1@2.2.0+6a2618f53a, fabric-networking-api-v1@1.0.0+4358fbc63a, fabric-loot-tables-v1@1.0.1+6a2618f53a, fabric-events-lifecycle-v0@0.2.0+6a2618f53a, fabric@0.29.3+1.16, fabric-models-v0@0.2.0+cbe9176f3a, fabric-particles-v1@0.2.3+cbe9176f3a, fabric-item-groups-v0@0.2.2+cbe9176f3a, fabric-object-builders-v0@0.7.1+6a2618f53a, fabric-networking-v0@0.3.1+2a4333d33a
[12:29:12] [main/INFO] (mixin) SpongePowered MIXIN Subsystem Version=0.8.2 Source=file:/C:/Users/AShwini/.gradle/caches/modules-2/files-2.1/net.fabricmc/sponge-mixin/0.8.2+build.24/e5a741445d0f425bf3cce946c6cf8c7fb8376b2/sponge-mixin-0.8.2+build.24.jar Service=Knot/Fabric Env=SERVER
[12:29:13] [main/INFO] (Fabric|MixinBootstrap) Loaded Fabric development mappings for mixin remapper!
[12:29:13] [main/INFO] (mixin) Remapping refMap fabric-networking-blockentity-v0-refmap.json using remapper chain
[12:29:13] [main/INFO] (mixin) Remapping refMap fabric-screen-handler-api-v1-refmap.json using remapper chain
[12:29:13] [main/INFO] (mixin) Remapping refMap fabric-lifecycle-events-v1-refmap.json using remapper chain
[12:29:13] [main/INFO] (mixin) Remapping refMap fabric-containers-v0-refmap.json using remapper chain
[12:29:13] [main/INFO] (mixin) Remapping refMap fabric-rendering-data-attachment-v1-refmap.json using remapper chain
[12:29:13] [main/INFO] (mixin) Remapping refMap fabric-structure-api-v1-refmap.json using remapper chain
[12:29:13] [main/INFO] (mixin) Remapping refMap fabric-item-api-v1-refmap.json using remapper chain
[12:29:13] [main/INFO] (mixin) Remapping refMap fabric-events-interaction-v0-refmap.json using remapper chain
[12:29:13] [main/INFO] (mixin) Remapping refMap fabric-loot-tables-v1-refmap.json using remapper chain
[12:29:13] [main/INFO] (mixin) Remapping refMap fabric-object-builder-api-v1-refmap.json using remapper chain
[12:29:13] [main/INFO] (mixin) Remapping refMap fabric-dimensions-v1-refmap.json using remapper chain
[12:29:13] [main/INFO] (mixin) Remapping refMap fabric-registry-sync-v0-refmap.json using remapper chain
[12:29:13] [main/INFO] (mixin) Remapping refMap fabric-containers-v0-refmap.json using remapper chain
[12:29:13] [main/INFO] (mixin) Remapping refMap fabric-biome-api-v1-refmap.json using remapper chain
[12:29:13] [main/INFO] (mixin) Remapping refMap fabric-resource-loader-v0-refmap.json using remapper chain
[12:29:13] [main/INFO] (mixin) Remapping refMap fabric-game-rule-api-v1-refmap.json using remapper chain
[12:29:13] [main/INFO] (mixin) Remapping refMap fabric-networking-api-v1-refmap.json using remapper chain
[12:29:13] [main/INFO] (mixin) Remapping refMap fabric-particles-v1-refmap.json using remapper chain
[12:29:13] [main/INFO] (mixin) Remapping refMap fabric-object-builders-refmap.json using remapper chain
[12:29:13] [main/INFO] (mixin) Remapping refMap fabric-tag-extensions-v0-refmap.json using remapper chain
[12:29:13] [main/INFO] (mixin) Remapping refMap fabric-tool-attribute-api-v1-refmap.json using remapper chain
[12:29:13] [main/INFO] (mixin) Remapping refMap fabric-item-groups-v0-refmap.json using remapper chain
[12:29:13] [main/INFO] (mixin) Remapping refMap fabric-content-registries-v0-refmap.json using remapper chain
[12:29:13] [main/INFO] (mixin) Remapping refMap fabric-command-api-v1-refmap.json using remapper chain
[12:29:13] [main/INFO] (mixin) Remapping refMap fabric-crash-report-info-v1-refmap.json using remapper chain
[12:29:13] [main/INFO] (mixin) Remapping refMap fabric-entity-events-v1-refmap.json using remapper chain
[12:29:13] [main/WARN] (mixin) @Mixin target net/minecraft/village/TradeOffers$TypeAwareBuyForOneEmeraldFactory is public in fabric-object-builder-v1.mixins.json:TypeAwareTradeMixin and should be specified in value
[12:29:14] [main/WARN] (mixin) @Mixin target net/minecraft/server/command/GameRuleCommand$1 is public in fabric-game-rule-api-v1.mixins.json:GameRuleCommandVisitorMixin and should be specified in value
[12:29:14] [main/WARN] (mixin) @Mixin target net/minecraft/server/world/ThreadedAnvilChunkStorage$EntityTracker is public in fabric-networking-api-v1.mixins.json:accessor.EntityTrackerAccessor and should be specified in value
[12:29:14] [main/WARN] (mixin) @Mixin target net/minecraft/tag/Tag$1 is public in fabric-tag-extensions-v0.mixins.json:MixinTagImpl and should be specified in value
[12:29:14] [main/WARN] (mixin) @Mixin target net/minecraft/tag/RequiredTagList$TagWrapper is public in fabric-tag-extensions-v0.mixins.json:MixinTagImpl and should be specified in value
[12:29:20] [main/INFO] (Minecraft) Environment: authHost='https://authserver.mojang.com', accountsHost='https://api.mojang.com', sessionHost='https://sessionserver.mojang.com', servicesHost='https://api.minecraftservices.com', name='PROD'
[12:29:21] [main/INFO] (Minecraft) Found new data pack Fabric Mods, loading it automatically
[12:29:21] [main/WARN] (Minecraft) Ambiguity between arguments [teleport, destination] and [teleport, targets] with inputs: [Player, 0123, @e, dd12be42-52a9-4a91-a8a1-11c01849e498]
[12:29:21] [main/WARN] (Minecraft) Ambiguity between arguments [teleport, location] and [teleport, destination] with inputs: [0.1 -0.5 .9, 0 0 0]
[12:29:21] [main/WARN] (Minecraft) Ambiguity between arguments [teleport, location] and [teleport, targets] with inputs: [0.1 -0.5 .9, 0 0 0]
[12:29:21] [main/WARN] (Minecraft) Ambiguity between arguments [teleport, targets] and [teleport, destination] with inputs: [Player, 0123, dd12be42-52a9-4a91-a8a1-11c01849e498]
[12:29:21] [main/WARN] (Minecraft) Ambiguity between arguments [teleport, targets, location] and [teleport, targets, destination] with inputs: [0.1 -0.5 .9, 0 0 0]
[12:29:21] [main/INFO] (Minecraft) Reloading ResourceManager: Default, Fabric Mods (Fabric Tool Attribute API (v1), The Ender Mod)
[12:29:25] [Worker-Main-13/INFO] (Minecraft) Loaded 7 recipes
[12:29:25] [Worker-Main-13/INFO] (Minecraft) Loaded 927 advancements
[12:29:26] [main/INFO] (BiomeModificationImpl) Applied 5 biome modifications to 5 of 79 new biomes in 18.12 ms
[12:29:28] [Server thread/INFO] (Minecraft) Starting minecraft server version 1.16.5
[12:29:28] [Server thread/INFO] (Minecraft) Loading properties
[12:29:28] [Server thread/INFO] (Minecraft) Default game type: SURVIVAL
[12:29:28] [Server thread/INFO] (Minecraft) Generating keypair
[12:29:29] [Server thread/INFO] (Minecraft) Starting Minecraft server on *:25565
[12:29:29] [Server thread/INFO] (Minecraft) Using default channel type
[12:29:31] [Server thread/INFO] (Minecraft) Preparing level "world"
[12:29:39] [Server thread/INFO] (Minecraft) Preparing start region for dimension minecraft:overworld
[12:29:39] [Worker-Main-11/INFO] (Minecraft) Preparing spawn area: 0%
[12:29:39] [Worker-Main-10/INFO] (Minecraft) Preparing spawn area: 0%
[12:29:40] [Worker-Main-11/INFO] (Minecraft) Preparing spawn area: 0%
[12:29:40] [Worker-Main-14/INFO] (Minecraft) Preparing spawn area: 0%
[12:29:41] [Worker-Main-11/INFO] (Minecraft) Preparing spawn area: 1%
[12:29:41] [Worker-Main-8/INFO] (Minecraft) Preparing spawn area: 4%
[12:29:42] [Worker-Main-10/INFO] (Minecraft) Preparing spawn area: 7%
[12:29:42] [Worker-Main-13/INFO] (Minecraft) Preparing spawn area: 11%
[12:29:43] [Worker-Main-11/INFO] (Minecraft) Preparing spawn area: 16%
[12:29:43] [Worker-Main-12/INFO] (Minecraft) Preparing spawn area: 20%
[12:29:44] [Worker-Main-10/INFO] (Minecraft) Preparing spawn area: 25%
[12:29:44] [Worker-Main-11/INFO] (Minecraft) Preparing spawn area: 30%
[12:29:45] [Worker-Main-10/INFO] (Minecraft) Preparing spawn area: 34%
[12:29:45] [Worker-Main-12/INFO] (Minecraft) Preparing spawn area: 37%
[12:29:46] [Worker-Main-11/INFO] (Minecraft) Preparing spawn area: 43%
[12:29:46] [Worker-Main-12/INFO] (Minecraft) Preparing spawn area: 44%
[12:29:47] [Worker-Main-9/INFO] (Minecraft) Preparing spawn area: 48%
[12:29:47] [Worker-Main-13/INFO] (Minecraft) Preparing spawn area: 56%
[12:29:48] [Worker-Main-13/INFO] (Minecraft) Preparing spawn area: 61%
[12:29:48] [Worker-Main-12/INFO] (Minecraft) Preparing spawn area: 67%
[12:29:49] [Worker-Main-13/INFO] (Minecraft) Preparing spawn area: 72%
[12:29:49] [Worker-Main-8/INFO] (Minecraft) Preparing spawn area: 76%
[12:29:50] [Worker-Main-11/INFO] (Minecraft) Preparing spawn area: 80%
[12:29:50] [Worker-Main-12/INFO] (Minecraft) Preparing spawn area: 86%
[12:29:51] [Worker-Main-8/INFO] (Minecraft) Preparing spawn area: 91%
[12:29:51] [Worker-Main-12/INFO] (Minecraft) Preparing spawn area: 97%
[12:29:51] [Server thread/INFO] (Minecraft) Time elapsed: 12697 ms
[12:29:51] [Server thread/INFO] (Minecraft) Done (19.899s)! For help, type "help"
[12:32:57] [Server thread/INFO] (Minecraft) Unknown or incomplete command, see below for error
[12:32:57] [Server thread/INFO] (Minecraft) localhost<--[HERE]
[12:34:57] [Server thread/WARN] (Minecraft) Can't keep up! Is the server overloaded? Running 5423ms or 108 ticks behind
[12:35:36] [User Authenticator #1/INFO] (Minecraft) UUID of player not_a_Pickle is 8f07d203-9431-4194-83ae-c162d9fc6177
[12:35:36] [Server thread/INFO] (Minecraft) not_a_Pickle[/127.0.0.1:54853] logged in with entity id 164 at (48.5, 75.0, 170.5)
[12:35:36] [Server thread/INFO] (Minecraft) not_a_Pickle joined the game
[12:35:59] [Server thread/INFO] (Minecraft) not_a_Pickle lost connection: Disconnected
[12:35:59] [Server thread/INFO] (Minecraft) not_a_Pickle left the game
