[16:37:54] [main/INFO] (FabricLoader) Loading for game Minecraft 1.16.5
[16:37:54] [main/INFO] (Fabric|Loader) [FabricLoader] Loading 46 mods: fabric-renderer-api-v1@0.4.0+cbe9176f3a, fabric-networking-blockentity-v0@0.2.7+a03e98793a, fabric-screen-handler-api-v1@1.1.0+6a2618f53a, minecraft@1.16.5, fabric-keybindings-v0@0.2.0+6a2618f53a, fabric-command-api-v1@1.0.9+6a2618f53a, fabricloader@0.11.1, fabric-tool-attribute-api-v1@1.2.5+6a2618f53a, fabric-renderer-indigo@0.4.3+6a2618f53a, fabric-structure-api-v1@1.1.3+cbe9176f3a, fabric-containers-v0@0.1.9+a03e98793a, fabric-dimensions-v1@2.0.1+9a6c75813a, fabric-object-builder-api-v1@1.9.2+6a2618f53a, java@15, fabric-crash-report-info-v1@0.1.2+b7f9825d3a, fabric-item-api-v1@1.2.0+6a2618f53a, fabric-events-interaction-v0@0.4.1+6a2618f53a, enderthyst@${version}, fabric-game-rule-api-v1@1.0.5+cbe9176f3a, fabric-entity-events-v1@1.0.2+8004b36d3a, fabric-api-base@0.2.0+ab87788d3a, fabric-rendering-v0@1.1.1+6a2618f53a, fabric-rendering-v1@1.5.0+c26373133a, fabric-key-binding-api-v1@1.0.1+730711c63a, fabric-rendering-data-attachment-v1@0.1.4+6a2618f53a, fabric-resource-loader-v0@0.4.1+0d4d7e343a, fabric-textures-v0@1.0.5+6a2618f53a, fabric-content-registries-v0@0.2.0+e77439c73a, fabric-tag-extensions-v0@1.1.0+e77439c73a, fabric-rendering-fluids-v1@0.1.12+6a2618f53a, fabric-biome-api-v1@3.1.0+2e23b97c3a, fabric-registry-sync-v0@0.7.3+be155ae23a, fabric-commands-v0@0.2.1+cbe9176f3a, fabric-blockrenderlayer-v1@1.1.4+6a2618f53a, fabric-lifecycle-events-v1@1.2.0+ffb68a873a, fabric-mining-levels-v0@0.1.2+6a2618f53a, fabric-renderer-registries-v1@2.2.0+6a2618f53a, fabric-networking-api-v1@1.0.0+4358fbc63a, fabric-events-lifecycle-v0@0.2.0+6a2618f53a, fabric-loot-tables-v1@1.0.1+6a2618f53a, fabric@0.29.3+1.16, fabric-models-v0@0.2.0+cbe9176f3a, fabric-particles-v1@0.2.3+cbe9176f3a, fabric-item-groups-v0@0.2.2+cbe9176f3a, fabric-networking-v0@0.3.1+2a4333d33a, fabric-object-builders-v0@0.7.1+6a2618f53a
[16:37:54] [main/WARN] (Fabric|Loader) Mod `enderthyst` (${version}) does not respect SemVer - comparison support is limited.
[16:37:54] [main/INFO] (mixin) SpongePowered MIXIN Subsystem Version=0.8.2 Source=file:/Users/rudransh/.gradle/caches/modules-2/files-2.1/net.fabricmc/sponge-mixin/0.8.2+build.24/e5a741445d0f425bf3cce946c6cf8c7fb8376b2/sponge-mixin-0.8.2+build.24.jar Service=Knot/Fabric Env=CLIENT
[16:37:55] [main/INFO] (Fabric|MixinBootstrap) Loaded Fabric development mappings for mixin remapper!
[16:37:55] [main/INFO] (mixin) Remapping refMap fabric-networking-blockentity-v0-refmap.json using remapper chain
[16:37:55] [main/INFO] (mixin) Remapping refMap fabric-screen-handler-api-v1-refmap.json using remapper chain
[16:37:55] [main/INFO] (mixin) Remapping refMap fabric-lifecycle-events-v1-refmap.json using remapper chain
[16:37:55] [main/INFO] (mixin) Remapping refMap fabric-containers-v0-refmap.json using remapper chain
[16:37:55] [main/INFO] (mixin) Remapping refMap fabric-renderer-indigo-refmap.json using remapper chain
[16:37:55] [main/INFO] (mixin) Remapping refMap fabric-rendering-data-attachment-v1-refmap.json using remapper chain
[16:37:55] [main/INFO] (mixin) Remapping refMap fabric-structure-api-v1-refmap.json using remapper chain
[16:37:55] [main/INFO] (mixin) Remapping refMap fabric-item-api-v1-refmap.json using remapper chain
[16:37:55] [main/INFO] (mixin) Remapping refMap fabric-events-interaction-v0-refmap.json using remapper chain
[16:37:55] [main/INFO] (mixin) Remapping refMap fabric-loot-tables-v1-refmap.json using remapper chain
[16:37:55] [main/INFO] (mixin) Remapping refMap fabric-object-builder-api-v1-refmap.json using remapper chain
[16:37:55] [main/INFO] (mixin) Remapping refMap fabric-dimensions-v1-refmap.json using remapper chain
[16:37:55] [main/INFO] (mixin) Remapping refMap fabric-renderer-registries-v1-refmap.json using remapper chain
[16:37:55] [main/INFO] (mixin) Remapping refMap fabric-textures-v0-refmap.json using remapper chain
[16:37:55] [main/INFO] (mixin) Remapping refMap fabric-registry-sync-v0-refmap.json using remapper chain
[16:37:55] [main/INFO] (mixin) Remapping refMap fabric-models-v0-refmap.json using remapper chain
[16:37:55] [main/INFO] (mixin) Remapping refMap fabric-blockrenderlayer-v1-refmap.json using remapper chain
[16:37:55] [main/INFO] (mixin) Remapping refMap fabric-renderer-api-v1-refmap.json using remapper chain
[16:37:55] [main/INFO] (mixin) Remapping refMap fabric-containers-v0-refmap.json using remapper chain
[16:37:55] [main/INFO] (mixin) Remapping refMap fabric-rendering-fluids-v1-refmap.json using remapper chain
[16:37:55] [main/INFO] (mixin) Remapping refMap fabric-biome-api-v1-refmap.json using remapper chain
[16:37:55] [main/INFO] (mixin) Remapping refMap fabric-resource-loader-v0-refmap.json using remapper chain
[16:37:55] [main/INFO] (mixin) Remapping refMap fabric-game-rule-api-v1-refmap.json using remapper chain
[16:37:55] [main/INFO] (mixin) Remapping refMap fabric-networking-api-v1-refmap.json using remapper chain
[16:37:55] [main/INFO] (mixin) Remapping refMap fabric-particles-v1-refmap.json using remapper chain
[16:37:55] [main/INFO] (mixin) Remapping refMap fabric-object-builders-refmap.json using remapper chain
[16:37:55] [main/INFO] (mixin) Remapping refMap fabric-tag-extensions-v0-refmap.json using remapper chain
[16:37:55] [main/INFO] (mixin) Remapping refMap fabric-tool-attribute-api-v1-refmap.json using remapper chain
[16:37:55] [main/INFO] (mixin) Remapping refMap fabric-rendering-v1-refmap.json using remapper chain
[16:37:55] [main/INFO] (mixin) Remapping refMap fabric-item-groups-v0-refmap.json using remapper chain
[16:37:55] [main/INFO] (mixin) Remapping refMap fabric-content-registries-v0-refmap.json using remapper chain
[16:37:55] [main/INFO] (mixin) Remapping refMap fabric-command-api-v1-refmap.json using remapper chain
[16:37:55] [main/INFO] (mixin) Remapping refMap fabric-crash-report-info-v1-refmap.json using remapper chain
[16:37:55] [main/INFO] (mixin) Remapping refMap fabric-entity-events-v1-refmap.json using remapper chain
[16:37:55] [main/INFO] (mixin) Remapping refMap fabric-key-binding-api-v1-refmap.json using remapper chain
[16:37:55] [main/INFO] (mixin) Remapping refMap fabric-renderer-api-v1-refmap.json using remapper chain
[16:37:56] [main/WARN] (mixin) @Mixin target net/minecraft/client/render/block/BlockModelRenderer$AmbientOcclusionCalculator is public in fabric-renderer-indigo.mixins.json:MixinAmbientOcclusionCalculator and should be specified in value
[16:37:56] [main/WARN] (mixin) @Mixin target net/minecraft/client/render/chunk/ChunkBuilder$BuiltChunk$RebuildTask is public in fabric-renderer-indigo.mixins.json:MixinChunkRebuildTask and should be specified in value
[16:37:56] [main/WARN] (mixin) @Mixin target net/minecraft/village/TradeOffers$TypeAwareBuyForOneEmeraldFactory is public in fabric-object-builder-v1.mixins.json:TypeAwareTradeMixin and should be specified in value
[16:37:57] [main/WARN] (mixin) @Mixin target net/minecraft/client/font/FontManager$1 is public in fabric-resource-loader-v0.mixins.json:client.FontManagerResourceReloadListenerMixin and should be specified in value
[16:37:57] [main/WARN] (mixin) @Mixin target net/minecraft/server/command/GameRuleCommand$1 is public in fabric-game-rule-api-v1.mixins.json:GameRuleCommandVisitorMixin and should be specified in value
[16:37:57] [main/WARN] (mixin) @Mixin target net/minecraft/client/gui/screen/world/EditGameRulesScreen$RuleListWidget$1 is public in fabric-game-rule-api-v1.mixins.json:client.RuleListWidgetVisitorMixin and should be specified in value
[16:37:57] [main/WARN] (mixin) @Mixin target net/minecraft/server/world/ThreadedAnvilChunkStorage$EntityTracker is public in fabric-networking-api-v1.mixins.json:accessor.EntityTrackerAccessor and should be specified in value
[16:37:57] [main/WARN] (mixin) @Mixin target net/minecraft/client/particle/ParticleManager$SimpleSpriteProvider is public in fabric-particles-v1.mixins.json:ParticleManagerAccessor$SimpleSpriteProviderAccessor and should be specified in value
[16:37:57] [main/WARN] (mixin) @Mixin target net/minecraft/tag/Tag$1 is public in fabric-tag-extensions-v0.mixins.json:MixinTagImpl and should be specified in value
[16:37:57] [main/WARN] (mixin) @Mixin target net/minecraft/tag/RequiredTagList$TagWrapper is public in fabric-tag-extensions-v0.mixins.json:MixinTagImpl and should be specified in value
[16:38:12] [main/INFO] (Minecraft) Environment: authHost='https://authserver.mojang.com', accountsHost='https://api.mojang.com', sessionHost='https://sessionserver.mojang.com', servicesHost='https://api.minecraftservices.com', name='PROD'
[16:38:14] [main/ERROR] (Minecraft) Failed to verify authentication
com.mojang.authlib.exceptions.AuthenticationUnavailableException: null
	at com.mojang.authlib.yggdrasil.YggdrasilSocialInteractionsService.checkPrivileges(YggdrasilSocialInteractionsService.java:97) ~[authlib-2.1.28.jar:?]
	at com.mojang.authlib.yggdrasil.YggdrasilSocialInteractionsService.<init>(YggdrasilSocialInteractionsService.java:40) ~[authlib-2.1.28.jar:?]
	at com.mojang.authlib.yggdrasil.YggdrasilAuthenticationService.createSocialInteractionsService(YggdrasilAuthenticationService.java:152) ~[authlib-2.1.28.jar:?]
	at net.minecraft.client.MinecraftClient.method_31382(MinecraftClient.java:563) [minecraft-1.16.5-mapped-net.fabricmc.yarn-1.16.5+build.4-v2.jar:?]
	at net.minecraft.client.MinecraftClient.<init>(MinecraftClient.java:398) [minecraft-1.16.5-mapped-net.fabricmc.yarn-1.16.5+build.4-v2.jar:?]
	at net.minecraft.client.main.Main.main(Main.java:149) [minecraft-1.16.5-mapped-net.fabricmc.yarn-1.16.5+build.4-v2.jar:?]
	at jdk.internal.reflect.NativeMethodAccessorImpl.invoke0(Native Method) ~[?:?]
	at jdk.internal.reflect.NativeMethodAccessorImpl.invoke(NativeMethodAccessorImpl.java:64) ~[?:?]
	at jdk.internal.reflect.DelegatingMethodAccessorImpl.invoke(DelegatingMethodAccessorImpl.java:43) ~[?:?]
	at java.lang.reflect.Method.invoke(Method.java:564) ~[?:?]
	at net.fabricmc.loader.game.MinecraftGameProvider.launch(MinecraftGameProvider.java:226) [fabric-loader-0.11.1@net.fabricmc.yarn.1_16_5.1.16.5+build.4-v2.jar:?]
	at net.fabricmc.loader.launch.knot.Knot.init(Knot.java:139) [fabric-loader-0.11.1@net.fabricmc.yarn.1_16_5.1.16.5+build.4-v2.jar:?]
	at net.fabricmc.loader.launch.knot.KnotClient.main(KnotClient.java:27) [fabric-loader-0.11.1@net.fabricmc.yarn.1_16_5.1.16.5+build.4-v2.jar:?]
	at net.fabricmc.devlaunchinjector.Main.main(Main.java:86) [dev-launch-injector-0.2.1+build.8.jar:?]
[16:38:14] [main/INFO] (Minecraft) Setting user: Player0
[16:38:17] [main/INFO] (Indigo) [Indigo] Registering Indigo renderer!
[16:38:18] [main/INFO] (Minecraft) Backend library: LWJGL version 3.2.1 build 12
[16:38:18] [main/ERROR] (Minecraft) GLFW error collected during initialization: GLFW error during init: [0x10008]13049040608
[16:38:22] [main/INFO] (Minecraft) [STDOUT]: This line is printed by an example mod mixin!
[16:38:22] [main/INFO] (Minecraft) Reloading ResourceManager: Default, Fabric Mods (Fabric Renderer API (v1), Fabric Networking Block Entity (v0), Fabric Screen Handler API (v1), Fabric Key Bindings (v0), Fabric Command API (v1), Fabric Loader, Fabric Tool Attribute API (v1), Fabric Renderer - Indigo, Fabric Structure API (v1), Fabric Containers (v0), Fabric Object Builder API (v1), Fabric Crash Report Info (v1), Fabric Item API (v1), Fabric Events Interaction (v0), The Ender Mod, Fabric Game Rule API (v1), Fabric Entity Events (v1), Fabric API Base, Fabric Rendering (v0), Fabric Rendering (v1), Fabric Key Binding API (v1), Fabric Rendering Data Attachment (v1), Fabric Resource Loader (v0), Fabric Textures (v0), Fabric Content Registries (v0), Fabric Tag Extensions (v0), Fabric Rendering Fluids (v1), Fabric Biome API (v1), Fabric Registry Sync (v0), Fabric Commands (v0), Fabric BlockRenderLayer Registration (v1), Fabric Lifecycle Events (v1), Fabric Mining Levels (v0), Fabric Renderer Registries (v1), Fabric Networking API (v1), Fabric Events Lifecycle (v0), Fabric Loot Tables (v1), Fabric API, Fabric Models (v0), Fabric Particles (v1), Fabric Item Groups (v0), Fabric Networking (v0), Fabric Object Builders (v0))
[16:38:23] [Realms Notification Availability checker #1/INFO] (Minecraft) Could not authorize you against Realms server: Invalid session id
[16:38:25] [Worker-Main-10/WARN] (Minecraft) Exception loading blockstate definition: enderthyst:blockstates/enderthyst_ore.json: java.io.FileNotFoundException: enderthyst:blockstates/enderthyst_ore.json
[16:38:25] [Worker-Main-10/WARN] (Minecraft) Exception loading blockstate definition: 'enderthyst:blockstates/enderthyst_ore.json' missing model for variant: 'enderthyst:enderthyst_ore#'
[16:38:25] [Worker-Main-10/WARN] (Minecraft) Unable to load model: 'enderthyst:enderthyst_ingot#inventory' referenced from: enderthyst:enderthyst_ingot#inventory: java.io.FileNotFoundException: enderthyst:models/item/enderthyst_ingot.json
[16:38:25] [Worker-Main-10/WARN] (Minecraft) Unable to load model: 'enderthyst:enderthyst_axe#inventory' referenced from: enderthyst:enderthyst_axe#inventory: java.io.FileNotFoundException: enderthyst:models/item/enderthyst_axe.json
[16:38:25] [Worker-Main-10/WARN] (Minecraft) Unable to load model: 'enderthyst:enderthyst_sword#inventory' referenced from: enderthyst:enderthyst_sword#inventory: java.io.FileNotFoundException: enderthyst:models/item/enderthyst_sword.json
[16:38:25] [Worker-Main-10/WARN] (Minecraft) Unable to load model: 'enderthyst:enderthyst_shovel#inventory' referenced from: enderthyst:enderthyst_shovel#inventory: java.io.FileNotFoundException: enderthyst:models/item/enderthyst_shovel.json
[16:38:25] [Worker-Main-10/WARN] (Minecraft) Unable to load model: 'enderthyst:enderthyst_hoe#inventory' referenced from: enderthyst:enderthyst_hoe#inventory: java.io.FileNotFoundException: enderthyst:models/item/enderthyst_hoe.json
[16:38:25] [Worker-Main-10/WARN] (Minecraft) Unable to load model: 'enderthyst:enderthyst_helmet#inventory' referenced from: enderthyst:enderthyst_helmet#inventory: java.io.FileNotFoundException: enderthyst:models/item/enderthyst_helmet.json
[16:38:25] [Worker-Main-10/WARN] (Minecraft) Unable to load model: 'enderthyst:enderthyst_chestplate#inventory' referenced from: enderthyst:enderthyst_chestplate#inventory: java.io.FileNotFoundException: enderthyst:models/item/enderthyst_chestplate.json
[16:38:25] [Worker-Main-10/WARN] (Minecraft) Unable to load model: 'enderthyst:enderthyst_leggings#inventory' referenced from: enderthyst:enderthyst_leggings#inventory: java.io.FileNotFoundException: enderthyst:models/item/enderthyst_leggings.json
[16:38:25] [Worker-Main-10/WARN] (Minecraft) Unable to load model: 'enderthyst:enderthyst_boots#inventory' referenced from: enderthyst:enderthyst_boots#inventory: java.io.FileNotFoundException: enderthyst:models/item/enderthyst_boots.json
[16:38:25] [Worker-Main-10/WARN] (Minecraft) Unable to load model: 'enderthyst:enderthyst_ore#inventory' referenced from: enderthyst:enderthyst_ore#inventory: java.io.FileNotFoundException: enderthyst:models/item/enderthyst_ore.json
[16:38:27] [main/INFO] (Minecraft) OpenAL initialized.
[16:38:27] [main/INFO] (Minecraft) Sound engine started
[16:38:27] [main/INFO] (Minecraft) Created: 1024x1024x4 minecraft:textures/atlas/blocks.png-atlas
[16:38:27] [main/INFO] (Minecraft) Created: 256x128x4 minecraft:textures/atlas/signs.png-atlas
[16:38:27] [main/INFO] (Minecraft) Created: 1024x512x4 minecraft:textures/atlas/banner_patterns.png-atlas
[16:38:27] [main/INFO] (Minecraft) Created: 1024x512x4 minecraft:textures/atlas/shield_patterns.png-atlas
[16:38:27] [main/INFO] (Minecraft) Created: 256x256x4 minecraft:textures/atlas/chest.png-atlas
[16:38:27] [main/INFO] (Minecraft) Created: 512x256x4 minecraft:textures/atlas/beds.png-atlas
[16:38:27] [main/INFO] (Minecraft) Created: 512x256x4 minecraft:textures/atlas/shulker_boxes.png-atlas
[16:38:28] [main/INFO] (Minecraft) Created: 256x256x0 minecraft:textures/atlas/particles.png-atlas
[16:38:28] [main/INFO] (Minecraft) Created: 256x256x0 minecraft:textures/atlas/paintings.png-atlas
[16:38:28] [main/INFO] (Minecraft) Created: 256x128x0 minecraft:textures/atlas/mob_effects.png-atlas
[16:38:28] [main/INFO] (Minecraft) [STDOUT]: This line is printed by an example mod mixin!
[16:38:40] [main/WARN] (Minecraft) Ambiguity between arguments [teleport, destination] and [teleport, targets] with inputs: [Player, 0123, @e, dd12be42-52a9-4a91-a8a1-11c01849e498]
[16:38:40] [main/WARN] (Minecraft) Ambiguity between arguments [teleport, location] and [teleport, destination] with inputs: [0.1 -0.5 .9, 0 0 0]
[16:38:40] [main/WARN] (Minecraft) Ambiguity between arguments [teleport, location] and [teleport, targets] with inputs: [0.1 -0.5 .9, 0 0 0]
[16:38:40] [main/WARN] (Minecraft) Ambiguity between arguments [teleport, targets] and [teleport, destination] with inputs: [Player, 0123, dd12be42-52a9-4a91-a8a1-11c01849e498]
[16:38:40] [main/WARN] (Minecraft) Ambiguity between arguments [teleport, targets, location] and [teleport, targets, destination] with inputs: [0.1 -0.5 .9, 0 0 0]
[16:38:40] [main/INFO] (Minecraft) Reloading ResourceManager: Default, Fabric Mods (Fabric Tool Attribute API (v1), The Ender Mod)
[16:38:41] [main/INFO] (Minecraft) Loaded 7 recipes
[16:38:41] [main/INFO] (Minecraft) Loaded 927 advancements
[16:38:41] [main/INFO] (BiomeModificationImpl) Applied 5 biome modifications to 5 of 79 new biomes in 8.307 ms
[16:38:43] [main/INFO] (Minecraft) Environment: authHost='https://authserver.mojang.com', accountsHost='https://api.mojang.com', sessionHost='https://sessionserver.mojang.com', servicesHost='https://api.minecraftservices.com', name='PROD'
[16:38:43] [Server thread/INFO] (Minecraft) Starting integrated minecraft server version 1.16.5
[16:38:43] [Server thread/INFO] (Minecraft) Generating keypair
[16:38:47] [Server thread/INFO] (Minecraft) Preparing start region for dimension minecraft:overworld
[16:38:47] [main/INFO] (Minecraft) Preparing spawn area: 0%
[16:38:47] [main/INFO] (Minecraft) Preparing spawn area: 0%
[16:38:48] [main/INFO] (Minecraft) Preparing spawn area: 0%
[16:38:48] [main/INFO] (Minecraft) Preparing spawn area: 1%
[16:38:49] [main/INFO] (Minecraft) Preparing spawn area: 2%
[16:38:49] [main/INFO] (Minecraft) Preparing spawn area: 4%
[16:38:50] [main/INFO] (Minecraft) Preparing spawn area: 9%
[16:38:50] [main/INFO] (Minecraft) Preparing spawn area: 12%
[16:38:51] [main/INFO] (Minecraft) Preparing spawn area: 16%
[16:38:51] [main/INFO] (Minecraft) Preparing spawn area: 20%
[16:38:52] [main/INFO] (Minecraft) Preparing spawn area: 24%
[16:38:52] [main/INFO] (Minecraft) Preparing spawn area: 26%
[16:38:53] [main/INFO] (Minecraft) Preparing spawn area: 31%
[16:38:53] [main/INFO] (Minecraft) Preparing spawn area: 37%
[16:38:54] [main/INFO] (Minecraft) Preparing spawn area: 45%
[16:38:54] [main/INFO] (Minecraft) Preparing spawn area: 49%
[16:38:55] [main/INFO] (Minecraft) Preparing spawn area: 54%
[16:38:55] [main/INFO] (Minecraft) Preparing spawn area: 54%
[16:38:56] [main/INFO] (Minecraft) Preparing spawn area: 54%
[16:38:56] [main/INFO] (Minecraft) Preparing spawn area: 69%
[16:38:57] [main/INFO] (Minecraft) Preparing spawn area: 69%
[16:38:57] [main/INFO] (Minecraft) Preparing spawn area: 80%
[16:38:58] [main/INFO] (Minecraft) Preparing spawn area: 87%
[16:38:59] [main/INFO] (Minecraft) Preparing spawn area: 92%
[16:38:59] [main/INFO] (Minecraft) Preparing spawn area: 99%
[16:38:59] [main/INFO] (Minecraft) Time elapsed: 12064 ms
[16:39:00] [Server thread/INFO] (Minecraft) Changing view distance to 11, from 10
[16:39:01] [Server thread/INFO] (Minecraft) Player0[local:E:b633b778] logged in with entity id 107 at (6.5, 63.0, -104.5)
[16:39:01] [Server thread/INFO] (Minecraft) Player0 joined the game
[16:39:02] [Server thread/WARN] (Minecraft) Can't keep up! Is the server overloaded? Running 2219ms or 44 ticks behind
[16:39:03] [Server thread/INFO] (Minecraft) Saving and pausing game...
[16:39:03] [Server thread/INFO] (Minecraft) Saving chunks for level 'ServerLevel[New World]'/minecraft:overworld
[16:39:03] [main/INFO] (Minecraft) Loaded 0 advancements
[16:39:04] [Server thread/INFO] (Minecraft) Saving chunks for level 'ServerLevel[New World]'/minecraft:the_nether
[16:39:04] [Server thread/INFO] (Minecraft) Saving chunks for level 'ServerLevel[New World]'/minecraft:the_end
[16:39:20] [main/INFO] (Minecraft) Loaded 3 advancements
[16:39:54] [Server thread/INFO] (Minecraft) [Player0: Set own game mode to Survival Mode]
[16:39:54] [main/INFO] (Minecraft) [CHAT] Set own game mode to Survival Mode
[16:40:04] [main/INFO] (Minecraft) Loaded 13 advancements
[16:40:05] [Server thread/INFO] (Minecraft) Player0 has made the advancement [Stone Age]
[16:40:05] [main/INFO] (Minecraft) [CHAT] Player0 has made the advancement [Stone Age]
[16:40:05] [main/INFO] (Minecraft) Loaded 28 advancements
[16:40:17] [Server thread/INFO] (Minecraft) Saving and pausing game...
[16:40:17] [Server thread/INFO] (Minecraft) Saving chunks for level 'ServerLevel[New World]'/minecraft:overworld
[16:40:18] [Server thread/INFO] (Minecraft) Saving chunks for level 'ServerLevel[New World]'/minecraft:the_nether
[16:40:18] [Server thread/INFO] (Minecraft) Saving chunks for level 'ServerLevel[New World]'/minecraft:the_end
[16:40:18] [Server thread/INFO] (Minecraft) Player0 lost connection: Disconnected
[16:40:18] [Server thread/INFO] (Minecraft) Player0 left the game
[16:40:18] [Server thread/INFO] (Minecraft) Stopping singleplayer server as player logged out
[16:40:18] [Server thread/INFO] (Minecraft) Stopping server
[16:40:18] [Server thread/INFO] (Minecraft) Saving players
[16:40:18] [Server thread/INFO] (Minecraft) Saving worlds
[16:40:18] [Server thread/INFO] (Minecraft) Saving chunks for level 'ServerLevel[New World]'/minecraft:overworld
[16:40:18] [Server thread/INFO] (Minecraft) ThreadedAnvilChunkStorage (New World (6)): All chunks are saved
[16:40:18] [Server thread/INFO] (Minecraft) Saving chunks for level 'ServerLevel[New World]'/minecraft:the_nether
[16:40:18] [Server thread/INFO] (Minecraft) ThreadedAnvilChunkStorage (DIM-1): All chunks are saved
[16:40:18] [Server thread/INFO] (Minecraft) Saving chunks for level 'ServerLevel[New World]'/minecraft:the_end
[16:40:18] [Server thread/INFO] (Minecraft) ThreadedAnvilChunkStorage (DIM1): All chunks are saved
[16:40:18] [Server thread/INFO] (Minecraft) ThreadedAnvilChunkStorage (New World (6)): All chunks are saved
[16:40:18] [Server thread/INFO] (Minecraft) ThreadedAnvilChunkStorage (DIM-1): All chunks are saved
[16:40:18] [Server thread/INFO] (Minecraft) ThreadedAnvilChunkStorage (DIM1): All chunks are saved
[16:40:19] [main/INFO] (Minecraft) [STDOUT]: This line is printed by an example mod mixin!
[16:40:36] [main/INFO] (Minecraft) Stopping!
